<?xml version="1.0" encoding="UTF-8"?>
<!-- Generated by org.testng.reporters.JUnitXMLReporter -->
<testsuite ignored="0" hostname="RSI1587" failures="1" tests="6" name="Test" time="121.236" errors="0" timestamp="2020-03-17T17:00:58 GMT-03:00">
  <testcase classname="br.com.rsinet.HUB_TDD.testeNormal.CadastrarUsuario" name="Cadastro1" time="17.351"/>
  <testcase classname="br.com.rsinet.HUB_TDD.testeNormal.CadastrarUsuario" name="Cadastro2" time="16.698"/>
  <testcase classname="br.com.rsinet.HUB_TDD.testeNormal.BuscaPelaLupa" name="ProcurarItem1" time="2.549"/>
  <testcase classname="br.com.rsinet.HUB_TDD.testeNormal.BuscaPelaLupa" name="ProcurarItem2" time="3.344"/>
  <testcase classname="br.com.rsinet.HUB_TDD.testeNormal.BuscaPelaPaginaInicial" name="EscolherProduto" time="2.619"/>
  <testcase classname="br.com.rsinet.HUB_TDD.testeNormal.BuscaPelaPaginaInicial" name="EscolherProduto2" time="10.123">
    <failure type="org.openqa.selenium.NoSuchElementException" message="no such element: Unable to locate element: {&amp;quot;method&amp;quot;:&amp;quot;xpath&amp;quot;,&amp;quot;selector&amp;quot;:&amp;quot;//h1[@class=&amp;apos;roboto-regular screen768 ng-binding&amp;apos;]&amp;quot;}
  (Session info: chrome=80.0.3987.132)
For documentation on this error, please visit: https://www.seleniumhq.org/exceptions/no_such_element.html
Build info: version: &amp;apos;3.141.59&amp;apos;, revision: &amp;apos;e82be7d358&amp;apos;, time: &amp;apos;2018-11-14T08:17:03&amp;apos;
System info: host: &amp;apos;RSI1587&amp;apos;, ip: &amp;apos;172.28.16.119&amp;apos;, os.name: &amp;apos;Windows 10&amp;apos;, os.arch: &amp;apos;amd64&amp;apos;, os.version: &amp;apos;10.0&amp;apos;, java.version: &amp;apos;11.0.5&amp;apos;
Driver info: org.openqa.selenium.chrome.ChromeDriver
Capabilities {acceptInsecureCerts: false, browserName: chrome, browserVersion: 80.0.3987.132, chrome: {chromedriverVersion: 79.0.3945.36 (3582db32b3389..., userDataDir: C:\Users\MIGUEL~1.VAL\AppDa...}, goog:chromeOptions: {debuggerAddress: localhost:64234}, javascriptEnabled: true, networkConnectionEnabled: false, pageLoadStrategy: normal, platform: WINDOWS, platformName: WINDOWS, proxy: Proxy(), setWindowRect: true, strictFileInteractability: false, timeouts: {implicit: 0, pageLoad: 300000, script: 30000}, unhandledPromptBehavior: dismiss and notify}
Session ID: 8c5166e1901bc36d94fe8a2b86011dc1
*** Element info: {Using=xpath, value=//h1[@class=&amp;apos;roboto-regular screen768 ng-binding&amp;apos;]}">
      <![CDATA[org.openqa.selenium.NoSuchElementException: no such element: Unable to locate element: {"method":"xpath","selector":"//h1[@class='roboto-regular screen768 ng-binding']"}
  (Session info: chrome=80.0.3987.132)
For documentation on this error, please visit: https://www.seleniumhq.org/exceptions/no_such_element.html
Build info: version: '3.141.59', revision: 'e82be7d358', time: '2018-11-14T08:17:03'
System info: host: 'RSI1587', ip: '172.28.16.119', os.name: 'Windows 10', os.arch: 'amd64', os.version: '10.0', java.version: '11.0.5'
Driver info: org.openqa.selenium.chrome.ChromeDriver
Capabilities {acceptInsecureCerts: false, browserName: chrome, browserVersion: 80.0.3987.132, chrome: {chromedriverVersion: 79.0.3945.36 (3582db32b3389..., userDataDir: C:\Users\MIGUEL~1.VAL\AppDa...}, goog:chromeOptions: {debuggerAddress: localhost:64234}, javascriptEnabled: true, networkConnectionEnabled: false, pageLoadStrategy: normal, platform: WINDOWS, platformName: WINDOWS, proxy: Proxy(), setWindowRect: true, strictFileInteractability: false, timeouts: {implicit: 0, pageLoad: 300000, script: 30000}, unhandledPromptBehavior: dismiss and notify}
Session ID: 8c5166e1901bc36d94fe8a2b86011dc1
*** Element info: {Using=xpath, value=//h1[@class='roboto-regular screen768 ng-binding']}
at org.openqa.selenium.remote.http.W3CHttpResponseCodec.createException(W3CHttpResponseCodec.java:187)
at org.openqa.selenium.remote.http.W3CHttpResponseCodec.decode(W3CHttpResponseCodec.java:122)
at org.openqa.selenium.remote.http.W3CHttpResponseCodec.decode(W3CHttpResponseCodec.java:49)
at org.openqa.selenium.remote.HttpCommandExecutor.execute(HttpCommandExecutor.java:158)
at org.openqa.selenium.remote.service.DriverCommandExecutor.execute(DriverCommandExecutor.java:83)
at org.openqa.selenium.remote.RemoteWebDriver.execute(RemoteWebDriver.java:552)
at org.openqa.selenium.remote.RemoteWebDriver.findElement(RemoteWebDriver.java:323)
at org.openqa.selenium.remote.RemoteWebDriver.findElementByXPath(RemoteWebDriver.java:428)
at org.openqa.selenium.By$ByXPath.findElement(By.java:353)
at org.openqa.selenium.remote.RemoteWebDriver.findElement(RemoteWebDriver.java:315)
at br.com.rsinet.HUB_TDD.testeNormal.BuscaPelaPaginaInicial.EscolherProduto2(BuscaPelaPaginaInicial.java:61)
at java.base/java.util.ArrayList.forEach(ArrayList.java:1540)
... Removed 31 stack frames]]>
    </failure>
  </testcase> <!-- EscolherProduto2 -->
</testsuite> <!-- Test -->
