<?xml version="1.0" encoding="UTF-8"?>
<testng-results ignored="0" total="1" passed="0" failed="1" skipped="0">
  <reporter-output>
  </reporter-output>
  <suite started-at="2020-03-16T15:05:24 GMT-03:00" name="Default suite" finished-at="2020-03-16T15:05:53 GMT-03:00" duration-ms="29245">
    <groups>
    </groups>
    <test started-at="2020-03-16T15:05:24 GMT-03:00" name="Default test" finished-at="2020-03-16T15:05:53 GMT-03:00" duration-ms="29245">
      <class name="br.com.rsinet.HUB_TDD.testenegativo.CadastroTesteNegativo">
        <test-method is-config="true" signature="IniciaReport()[pri:0, instance:br.com.rsinet.HUB_TDD.testenegativo.CadastroTesteNegativo@1329eff]" started-at="2020-03-16T15:05:24 GMT-03:00" name="IniciaReport" finished-at="2020-03-16T15:05:24 GMT-03:00" duration-ms="195" status="PASS">
          <reporter-output>
          </reporter-output>
        </test-method> <!-- IniciaReport -->
        <test-method is-config="true" signature="AbrirNavegador()[pri:0, instance:br.com.rsinet.HUB_TDD.testenegativo.CadastroTesteNegativo@1329eff]" started-at="2020-03-16T15:05:24 GMT-03:00" name="AbrirNavegador" finished-at="2020-03-16T15:05:36 GMT-03:00" duration-ms="12734" status="PASS">
          <reporter-output>
          </reporter-output>
        </test-method> <!-- AbrirNavegador -->
        <test-method signature="RealizarCadastro()[pri:0, instance:br.com.rsinet.HUB_TDD.testenegativo.CadastroTesteNegativo@1329eff]" started-at="2020-03-16T15:05:36 GMT-03:00" name="RealizarCadastro" finished-at="2020-03-16T15:05:51 GMT-03:00" duration-ms="14600" status="FAIL">
          <exception class="org.openqa.selenium.NoSuchElementException">
            <message>
              <![CDATA[Cannot locate element with text: Brazil
For documentation on this error, please visit: https://www.seleniumhq.org/exceptions/no_such_element.html
Build info: version: '3.141.59', revision: 'e82be7d358', time: '2018-11-14T08:17:03'
System info: host: 'RSI1587', ip: '172.28.16.183', os.name: 'Windows 10', os.arch: 'amd64', os.version: '10.0', java.version: '11.0.5'
Driver info: driver.version: unknown]]>
            </message>
            <full-stacktrace>
              <![CDATA[org.openqa.selenium.NoSuchElementException: Cannot locate element with text: Brazil
For documentation on this error, please visit: https://www.seleniumhq.org/exceptions/no_such_element.html
Build info: version: '3.141.59', revision: 'e82be7d358', time: '2018-11-14T08:17:03'
System info: host: 'RSI1587', ip: '172.28.16.183', os.name: 'Windows 10', os.arch: 'amd64', os.version: '10.0', java.version: '11.0.5'
Driver info: driver.version: unknown
at org.openqa.selenium.support.ui.Select.selectByVisibleText(Select.java:147)
at br.com.rsinet.HUB_TDD.pageObject.Cadastro.escolher_Pais(Cadastro.java:125)
at br.com.rsinet.HUB_TDD.testenegativo.CadastroTesteNegativo.RealizarCadastro(CadastroTesteNegativo.java:65)
at java.base/jdk.internal.reflect.NativeMethodAccessorImpl.invoke0(Native Method)
at java.base/jdk.internal.reflect.NativeMethodAccessorImpl.invoke(NativeMethodAccessorImpl.java:62)
at java.base/jdk.internal.reflect.DelegatingMethodAccessorImpl.invoke(DelegatingMethodAccessorImpl.java:43)
at java.base/java.lang.reflect.Method.invoke(Method.java:566)
at org.testng.internal.MethodInvocationHelper.invokeMethod(MethodInvocationHelper.java:133)
at org.testng.internal.TestInvoker.invokeMethod(TestInvoker.java:584)
at org.testng.internal.TestInvoker.invokeTestMethod(TestInvoker.java:172)
at org.testng.internal.MethodRunner.runInSequence(MethodRunner.java:46)
at org.testng.internal.TestInvoker$MethodInvocationAgent.invoke(TestInvoker.java:804)
at org.testng.internal.TestInvoker.invokeTestMethods(TestInvoker.java:145)
at org.testng.internal.TestMethodWorker.invokeTestMethods(TestMethodWorker.java:146)
at org.testng.internal.TestMethodWorker.run(TestMethodWorker.java:128)
at java.base/java.util.ArrayList.forEach(ArrayList.java:1540)
at org.testng.TestRunner.privateRun(TestRunner.java:770)
at org.testng.TestRunner.run(TestRunner.java:591)
at org.testng.SuiteRunner.runTest(SuiteRunner.java:402)
at org.testng.SuiteRunner.runSequentially(SuiteRunner.java:396)
at org.testng.SuiteRunner.privateRun(SuiteRunner.java:355)
at org.testng.SuiteRunner.run(SuiteRunner.java:304)
at org.testng.SuiteRunnerWorker.runSuite(SuiteRunnerWorker.java:53)
at org.testng.SuiteRunnerWorker.run(SuiteRunnerWorker.java:96)
at org.testng.TestNG.runSuitesSequentially(TestNG.java:1180)
at org.testng.TestNG.runSuitesLocally(TestNG.java:1102)
at org.testng.TestNG.runSuites(TestNG.java:1032)
at org.testng.TestNG.run(TestNG.java:1000)
at org.testng.remote.AbstractRemoteTestNG.run(AbstractRemoteTestNG.java:115)
at org.testng.remote.RemoteTestNG.initAndRun(RemoteTestNG.java:251)
at org.testng.remote.RemoteTestNG.main(RemoteTestNG.java:77)
]]>
            </full-stacktrace>
          </exception> <!-- org.openqa.selenium.NoSuchElementException -->
          <reporter-output>
          </reporter-output>
        </test-method> <!-- RealizarCadastro -->
        <test-method is-config="true" signature="FecharNavegador(org.testng.ITestResult)[pri:0, instance:br.com.rsinet.HUB_TDD.testenegativo.CadastroTesteNegativo@1329eff]" started-at="2020-03-16T15:05:51 GMT-03:00" name="FecharNavegador" finished-at="2020-03-16T15:05:53 GMT-03:00" duration-ms="1662" status="PASS">
          <params>
            <param index="0">
              <value>
                <![CDATA[[TestResult name=RealizarCadastro status=FAILURE method=CadastroTesteNegativo.RealizarCadastro()[pri:0, instance:br.com.rsinet.HUB_TDD.testenegativo.CadastroTesteNegativo@1329eff] output={null}]]]>
              </value>
            </param>
          </params>
          <reporter-output>
          </reporter-output>
        </test-method> <!-- FecharNavegador -->
      </class> <!-- br.com.rsinet.HUB_TDD.testenegativo.CadastroTesteNegativo -->
    </test> <!-- Default test -->
  </suite> <!-- Default suite -->
</testng-results>
